Total: 2500
Core: 100
Aggregate: 200
Edge: 200
Host: 2000
  4% (1/23) done.
  8% (2/23) done.
 13% (3/23) done.
 17% (4/23) done.
 21% (5/23) done.
 26% (6/23) done.
 30% (7/23) done.
 34% (8/23) done.
 39% (9/23) done.
 43% (10/23) done.
 47% (11/23) done.
 52% (12/23) done.
 56% (13/23) done.
 60% (14/23) done.
 65% (15/23) done.
 69% (16/23) done.
 73% (17/23) done.
 78% (18/23) done.
 82% (19/23) done.
 86% (20/23) done.
 91% (21/23) done.
 95% (22/23) done.
100% (23/23) done.
# of flow setup request: 35
# of installed rules: 91
Avg. flow completion time: 2322638.738
Replacement: 0 / 4 / 35
